Start testing: Jun 07 08:13 CEST
----------------------------------------------------------
1/1 Testing: LIBJSON.someTestCase
1/1 Test: LIBJSON.someTestCase
Command: "/home/emilekberg/dev/json/out/Debug/test/libjson_test" "--gtest_filter=LIBJSON.someTestCase" "--gtest_also_run_disabled_tests"
Directory: /home/emilekberg/dev/json/out/Debug/test
"LIBJSON.someTestCase" start time: Jun 07 08:13 CEST
Output:
----------------------------------------------------------
Running main() from /home/emilekberg/dev/json/out/Debug/_deps/googletest-src/googletest/src/gtest_main.cc
Note: Google Test filter = LIBJSON.someTestCase
[==========] Running 1 test from 1 test suite.
[----------] Global test environment set-up.
[----------] 1 test from LIBJSON
[ RUN      ] LIBJSON.someTestCase
[       OK ] LIBJSON.someTestCase (0 ms)
[----------] 1 test from LIBJSON (0 ms total)

[----------] Global test environment tear-down
[==========] 1 test from 1 test suite ran. (0 ms total)
[  PASSED  ] 1 test.
<end of output>
Test time =   0.00 sec
----------------------------------------------------------
Test Passed.
"LIBJSON.someTestCase" end time: Jun 07 08:13 CEST
"LIBJSON.someTestCase" time elapsed: 00:00:00
----------------------------------------------------------

End testing: Jun 07 08:13 CEST
